0 info it worked if it ends with ok
1 verbose cli [ 'C:\\Program Files\\nodejs\\node.exe',
1 verbose cli   'C:\\Program Files\\nodejs\\node_modules\\npm\\bin\\npm-cli.js',
1 verbose cli   'start' ]
2 info using npm@3.10.10
3 info using node@v6.11.2
4 verbose run-script [ 'prestart', 'start', 'poststart' ]
5 info lifecycle distributed_scheduler@1.0.0~prestart: distributed_scheduler@1.0.0
6 silly lifecycle distributed_scheduler@1.0.0~prestart: no script for prestart, continuing
7 info lifecycle distributed_scheduler@1.0.0~start: distributed_scheduler@1.0.0
8 verbose lifecycle distributed_scheduler@1.0.0~start: unsafe-perm in lifecycle true
9 verbose lifecycle distributed_scheduler@1.0.0~start: PATH: C:\Program Files\nodejs\node_modules\npm\bin\node-gyp-bin;C:\Priyanka_docs\Projects\Distributed Scheduler\src\node_modules\.bin;C:\ProgramData\Oracle\Java\javapath;C:\WINDOWS\system32;C:\WINDOWS;C:\WINDOWS\System32\Wbem;C:\Program Files\WinZip\;C:\Program Files\Microsoft SQL Server\Client SDK\ODBC\110\Tools\Binn\;C:\Program Files (x86)\Microsoft SQL Server\120\Tools\Binn\;C:\Program Files\Microsoft SQL Server\120\Tools\Binn\;C:\Program Files\Microsoft SQL Server\120\DTS\Binn\;C:\WINDOWS\System32\WindowsPowerShell\v1.0\;C:\Program Files (x86)\IBM\Lotus\Notes\;C:\Program Files\Intel\WiFi\bin\;C:\Program Files\Common Files\Intel\WirelessCommon\;C:\Program Files (x86)\SafeCom\SafeComPrintClient;C:\Program Files\SafeCom\SafeComAppPrint;C:\Program Files (x86)\NTRU Cryptosystems\NTRU TCG Software Stack (x64)\bin\;C:\Program Files\NTRU Cryptosystems\NTRU TCG Software Stack\bin\;C:\Program Files\nodejs\;C:\WINDOWS\System32\WindowsPowerShell\v1.0\;C:\Program Files\Microsoft VS Code\bin;C:\Users\pguha010\AppData\Roaming\npm;C:\Users\pguha010\AppData\Local\Programs\Git\cmd
10 verbose lifecycle distributed_scheduler@1.0.0~start: CWD: C:\Priyanka_docs\Projects\Distributed Scheduler\src
11 silly lifecycle distributed_scheduler@1.0.0~start: Args: [ '/d /s /c', 'SET NODE_ENV=dev && node lib/index.js' ]
12 silly lifecycle distributed_scheduler@1.0.0~start: Returned: code: 1  signal: null
13 info lifecycle distributed_scheduler@1.0.0~start: Failed to exec start script
14 verbose stack Error: distributed_scheduler@1.0.0 start: `SET NODE_ENV=dev && node lib/index.js`
14 verbose stack Exit status 1
14 verbose stack     at EventEmitter.<anonymous> (C:\Program Files\nodejs\node_modules\npm\lib\utils\lifecycle.js:255:16)
14 verbose stack     at emitTwo (events.js:106:13)
14 verbose stack     at EventEmitter.emit (events.js:191:7)
14 verbose stack     at ChildProcess.<anonymous> (C:\Program Files\nodejs\node_modules\npm\lib\utils\spawn.js:40:14)
14 verbose stack     at emitTwo (events.js:106:13)
14 verbose stack     at ChildProcess.emit (events.js:191:7)
14 verbose stack     at maybeClose (internal/child_process.js:891:16)
14 verbose stack     at Process.ChildProcess._handle.onexit (internal/child_process.js:226:5)
15 verbose pkgid distributed_scheduler@1.0.0
16 verbose cwd C:\Priyanka_docs\Projects\Distributed Scheduler\src
17 error Windows_NT 6.1.7601
18 error argv "C:\\Program Files\\nodejs\\node.exe" "C:\\Program Files\\nodejs\\node_modules\\npm\\bin\\npm-cli.js" "start"
19 error node v6.11.2
20 error npm  v3.10.10
21 error code ELIFECYCLE
22 error distributed_scheduler@1.0.0 start: `SET NODE_ENV=dev && node lib/index.js`
22 error Exit status 1
23 error Failed at the distributed_scheduler@1.0.0 start script 'SET NODE_ENV=dev && node lib/index.js'.
23 error Make sure you have the latest version of node.js and npm installed.
23 error If you do, this is most likely a problem with the distributed_scheduler package,
23 error not with npm itself.
23 error Tell the author that this fails on your system:
23 error     SET NODE_ENV=dev && node lib/index.js
23 error You can get information on how to open an issue for this project with:
23 error     npm bugs distributed_scheduler
23 error Or if that isn't available, you can get their info via:
23 error     npm owner ls distributed_scheduler
23 error There is likely additional logging output above.
24 verbose exit [ 1, true ]
